2022-11-01 19:45:52,352 INFO Значения координат (3:4)(7:7)
2022-11-01 19:45:52,352 INFO 1  0
2022-11-01 19:45:59,143 INFO создание списка клеток, на которые может попасть за 1 ход [(3, 4), (4, 6), (5, 5), (5, 3), (4, 2), (2, 2), (1, 3), (1, 5), (2, 6)]
2022-11-01 19:46:03,590 INFO создание списка клеток, на которые может попасть за 1 ход [(3, 4), (4, 6), (5, 5), (5, 3), (4, 2), (2, 2), (1, 3), (1, 5), (2, 6)]
2022-11-01 19:46:14,138 ERROR ValueError
Traceback (most recent call last):
  File "C:\Users\aleks\OneDrive\Рабочий стол\GitHub\laba7_ft_210007_Alexander_Shmygoll\l7_Shmygol_A_P_ft_210007.py", line 9, in <module>
    l = int(input('введите координату y1/ От 1 до 8'))
ValueError: invalid literal for int() with base 10: 'а'
2022-11-01 19:46:16,255 ERROR ValueError
Traceback (most recent call last):
  File "C:\Users\aleks\OneDrive\Рабочий стол\GitHub\laba7_ft_210007_Alexander_Shmygoll\l7_Shmygol_A_P_ft_210007.py", line 8, in <module>
    k = int(input('введите координату x1/ От 1 до 8'))
ValueError: invalid literal for int() with base 10: 'к'
2022-11-01 19:46:41,752 INFO Значения координат (6:8)(8:8)
2022-11-01 19:46:41,752 INFO 0  0
2022-11-01 19:46:48,345 INFO создание списка клеток, на которые может попасть за 1 ход [(6, 8), (7, 8), (8, 8), (5, 8), (4, 8), (3, 8), (2, 8), (1, 8), (6, 7), (6, 6), (6, 5), (6, 4), (6, 3), (6, 2), (6, 1), (7, 7), (8, 6), (5, 7), (4, 6), (3, 5), (2, 4), (1, 3)]
2022-11-01 19:47:04,115 INFO создание списка клеток, на которые может попасть за 1 ход [(6, 8), (7, 8), (8, 8), (5, 8), (4, 8), (3, 8), (2, 8), (1, 8), (6, 7), (6, 6), (6, 5), (6, 4), (6, 3), (6, 2), (6, 1)]
2022-11-01 19:47:36,598 INFO Значения координат (2:2)(5:1)
2022-11-01 19:47:36,598 INFO 0  0
2022-11-01 19:47:44,042 INFO создание списка клеток, на которые может попасть за 1 ход [(2, 2), (3, 4), (4, 3), (4, 1), (1, 4)]
2022-11-01 19:47:49,489 INFO создание списка клеток, на которые может попасть за 1 ход [(2, 2), (3, 4), (4, 3), (4, 1), (1, 4)]
2022-11-01 19:47:49,490 INFO промежуточные поля  [(4, 3)]
